[debug] [2024-04-13T12:31:55.611Z] ----------------------------------------------------------------------
[debug] [2024-04-13T12:31:55.613Z] Command:       C:\Program Files\nodejs\node.exe C:\Program Files\nodejs\node_modules\firebase-tools\lib\bin\firebase.js emulators:start
[debug] [2024-04-13T12:31:55.614Z] CLI Version:   13.7.2
[debug] [2024-04-13T12:31:55.614Z] Platform:      win32
[debug] [2024-04-13T12:31:55.614Z] Node Version:  v21.6.1
[debug] [2024-04-13T12:31:55.615Z] Time:          Sat Apr 13 2024 19:31:55 GMT+0700 (Indochina Time)
[debug] [2024-04-13T12:31:55.615Z] ----------------------------------------------------------------------
[debug] 
[debug] [2024-04-13T12:31:55.792Z] > command requires scopes: ["email","openid","https://www.googleapis.com/auth/cloudplatformprojects.readonly","https://www.googleapis.com/auth/firebase","https://www.googleapis.com/auth/cloud-platform"]
[debug] [2024-04-13T12:31:55.792Z] > authorizing via signed-in user (canh51102@gmail.com)
[debug] [2024-04-13T12:31:56.206Z] java version "17.0.10" 2024-01-16 LTS

[debug] [2024-04-13T12:31:56.207Z] Java(TM) SE Runtime Environment (build 17.0.10+11-LTS-240)
Java HotSpot(TM) 64-Bit Server VM (build 17.0.10+11-LTS-240, mixed mode, sharing)

[debug] [2024-04-13T12:31:56.243Z] Parsed Java major version: 17
[info] i  emulators: Starting emulators: auth, firestore {"metadata":{"emulator":{"name":"hub"},"message":"Starting emulators: auth, firestore"}}
[debug] [2024-04-13T12:31:56.260Z] [logging] Logging Emulator only supports listening on one address (127.0.0.1). Not listening on ::1
[debug] [2024-04-13T12:31:56.260Z] [auth] Authentication Emulator only supports listening on one address (127.0.0.1). Not listening on ::1
[debug] [2024-04-13T12:31:56.260Z] [firestore] Firestore Emulator only supports listening on one address (127.0.0.1). Not listening on ::1
[debug] [2024-04-13T12:31:56.260Z] [firestore.websocket] websocket server for firestore only supports listening on one address (127.0.0.1). Not listening on ::1
[debug] [2024-04-13T12:31:56.260Z] assigned listening specs for emulators {"user":{"hub":[{"address":"127.0.0.1","family":"IPv4","port":4400},{"address":"::1","family":"IPv6","port":4400}],"ui":[{"address":"127.0.0.1","family":"IPv4","port":4000},{"address":"::1","family":"IPv6","port":4000}],"logging":[{"address":"127.0.0.1","family":"IPv4","port":4500}],"auth":[{"address":"127.0.0.1","family":"IPv4","port":9099}],"firestore":[{"address":"127.0.0.1","family":"IPv4","port":8080}],"firestore.websocket":[{"address":"127.0.0.1","family":"IPv4","port":9150}]},"metadata":{"message":"assigned listening specs for emulators"}}
[debug] [2024-04-13T12:31:56.266Z] [hub] writing locator at C:\Users\pc\AppData\Local\Temp\hub-chatapp-ee268.json
[debug] [2024-04-13T12:31:56.281Z] Ignoring unsupported arg: auto_download {"metadata":{"emulator":{"name":"firestore"},"message":"Ignoring unsupported arg: auto_download"}}
[debug] [2024-04-13T12:31:56.281Z] Ignoring unsupported arg: single_project_mode_error {"metadata":{"emulator":{"name":"firestore"},"message":"Ignoring unsupported arg: single_project_mode_error"}}
[debug] [2024-04-13T12:31:56.281Z] Starting Firestore Emulator with command {"binary":"java","args":["-Dgoogle.cloud_firestore.debug_log_level=FINE","-Duser.language=en","-jar","C:\\Users\\pc\\.cache\\firebase\\emulators\\cloud-firestore-emulator-v1.19.4.jar","--host","127.0.0.1","--port",8080,"--websocket_port",9150,"--project_id","chatapp-ee268","--rules","G:\\Study\\ChatApp_Firebase\\chat-app-firebase\\firestore.rules","--single_project_mode",true],"optionalArgs":["port","webchannel_port","host","rules","websocket_port","functions_emulator","seed_from_export","project_id","single_project_mode"],"joinArgs":false} {"metadata":{"emulator":{"name":"firestore"},"message":"Starting Firestore Emulator with command {\"binary\":\"java\",\"args\":[\"-Dgoogle.cloud_firestore.debug_log_level=FINE\",\"-Duser.language=en\",\"-jar\",\"C:\\\\Users\\\\pc\\\\.cache\\\\firebase\\\\emulators\\\\cloud-firestore-emulator-v1.19.4.jar\",\"--host\",\"127.0.0.1\",\"--port\",8080,\"--websocket_port\",9150,\"--project_id\",\"chatapp-ee268\",\"--rules\",\"G:\\\\Study\\\\ChatApp_Firebase\\\\chat-app-firebase\\\\firestore.rules\",\"--single_project_mode\",true],\"optionalArgs\":[\"port\",\"webchannel_port\",\"host\",\"rules\",\"websocket_port\",\"functions_emulator\",\"seed_from_export\",\"project_id\",\"single_project_mode\"],\"joinArgs\":false}"}}
[info] i  firestore: Firestore Emulator logging to firestore-debug.log {"metadata":{"emulator":{"name":"firestore"},"message":"Firestore Emulator logging to \u001b[1mfirestore-debug.log\u001b[22m"}}
[info] +  firestore: Firestore Emulator UI websocket is running on 9150. {"metadata":{"emulator":{"name":"firestore"},"message":"Firestore Emulator UI websocket is running on 9150."}}
[info] i  ui: downloading ui-v1.11.8.zip... {"metadata":{"emulator":{"name":"ui"},"message":"downloading ui-v1.11.8.zip..."}}
[debug] [2024-04-13T12:32:06.477Z] >>> [apiv2][query] GET https://storage.googleapis.com/firebase-preview-drop/emulator/ui-v1.11.8.zip 
[debug] [2024-04-13T12:32:06.594Z] <<< [apiv2][status] GET https://storage.googleapis.com/firebase-preview-drop/emulator/ui-v1.11.8.zip 200
[debug] [2024-04-13T12:32:06.594Z] <<< [apiv2][body] GET https://storage.googleapis.com/firebase-preview-drop/emulator/ui-v1.11.8.zip [stream]
[debug] [2024-04-13T12:32:07.381Z] Data is 3523907
[debug] [2024-04-13T12:32:07.386Z] [unzip] Entry: client/ (compressed_size=0 bytes, uncompressed_size=0 bytes)
[debug] [2024-04-13T12:32:07.386Z] [unzip] Processing entry: client\
[debug] [2024-04-13T12:32:07.386Z] [unzip] mkdir: C:\Users\pc\.cache\firebase\emulators\ui-v1.11.8\client\
[debug] [2024-04-13T12:32:07.387Z] [unzip] Entry: client/favicon.ico (compressed_size=2497 bytes, uncompressed_size=7406 bytes)
[debug] [2024-04-13T12:32:07.387Z] [unzip] Processing entry: client\favicon.ico
[debug] [2024-04-13T12:32:07.388Z] [unzip] else mkdir: C:\Users\pc\.cache\firebase\emulators\ui-v1.11.8\client
[debug] [2024-04-13T12:32:07.388Z] [unzip] deflating: C:\Users\pc\.cache\firebase\emulators\ui-v1.11.8\client\favicon.ico
[debug] [2024-04-13T12:32:07.394Z] [unzip] Entry: client/apple-touch-icon.png (compressed_size=7231 bytes, uncompressed_size=7367 bytes)
[debug] [2024-04-13T12:32:07.394Z] [unzip] Processing entry: client\apple-touch-icon.png
[debug] [2024-04-13T12:32:07.394Z] [unzip] else mkdir: C:\Users\pc\.cache\firebase\emulators\ui-v1.11.8\client
[debug] [2024-04-13T12:32:07.394Z] [unzip] deflating: C:\Users\pc\.cache\firebase\emulators\ui-v1.11.8\client\apple-touch-icon.png
[debug] [2024-04-13T12:32:07.396Z] [unzip] Entry: client/android-chrome-512x512.png (compressed_size=16987 bytes, uncompressed_size=18186 bytes)
[debug] [2024-04-13T12:32:07.396Z] [unzip] Processing entry: client\android-chrome-512x512.png
[debug] [2024-04-13T12:32:07.396Z] [unzip] else mkdir: C:\Users\pc\.cache\firebase\emulators\ui-v1.11.8\client
[debug] [2024-04-13T12:32:07.397Z] [unzip] deflating: C:\Users\pc\.cache\firebase\emulators\ui-v1.11.8\client\android-chrome-512x512.png
[debug] [2024-04-13T12:32:07.398Z] [unzip] Entry: client/assets/ (compressed_size=0 bytes, uncompressed_size=0 bytes)
[debug] [2024-04-13T12:32:07.399Z] [unzip] Processing entry: client\assets\
[debug] [2024-04-13T12:32:07.399Z] [unzip] mkdir: C:\Users\pc\.cache\firebase\emulators\ui-v1.11.8\client\assets\
[debug] [2024-04-13T12:32:07.399Z] [unzip] Entry: client/assets/extensions/ (compressed_size=0 bytes, uncompressed_size=0 bytes)
[debug] [2024-04-13T12:32:07.399Z] [unzip] Processing entry: client\assets\extensions\
[debug] [2024-04-13T12:32:07.399Z] [unzip] mkdir: C:\Users\pc\.cache\firebase\emulators\ui-v1.11.8\client\assets\extensions\
[debug] [2024-04-13T12:32:07.400Z] [unzip] Entry: client/assets/extensions/default-extension.png (compressed_size=1646 bytes, uncompressed_size=1657 bytes)
[debug] [2024-04-13T12:32:07.400Z] [unzip] Processing entry: client\assets\extensions\default-extension.png
[debug] [2024-04-13T12:32:07.400Z] [unzip] else mkdir: C:\Users\pc\.cache\firebase\emulators\ui-v1.11.8\client\assets\extensions
[debug] [2024-04-13T12:32:07.401Z] [unzip] deflating: C:\Users\pc\.cache\firebase\emulators\ui-v1.11.8\client\assets\extensions\default-extension.png
[debug] [2024-04-13T12:32:07.402Z] [unzip] Entry: client/assets/index-Z4-ilXvq.js.map (compressed_size=2229704 bytes, uncompressed_size=9599487 bytes)
[debug] [2024-04-13T12:32:07.402Z] [unzip] Processing entry: client\assets\index-Z4-ilXvq.js.map
[debug] [2024-04-13T12:32:07.402Z] [unzip] else mkdir: C:\Users\pc\.cache\firebase\emulators\ui-v1.11.8\client\assets
[debug] [2024-04-13T12:32:07.403Z] [unzip] deflating: C:\Users\pc\.cache\firebase\emulators\ui-v1.11.8\client\assets\index-Z4-ilXvq.js.map
[debug] [2024-04-13T12:32:07.462Z] [unzip] Entry: client/assets/provider-icons/ (compressed_size=0 bytes, uncompressed_size=0 bytes)
[debug] [2024-04-13T12:32:07.462Z] [unzip] Processing entry: client\assets\provider-icons\
[debug] [2024-04-13T12:32:07.462Z] [unzip] mkdir: C:\Users\pc\.cache\firebase\emulators\ui-v1.11.8\client\assets\provider-icons\
[debug] [2024-04-13T12:32:07.463Z] [unzip] Entry: client/assets/provider-icons/auth_service_oidc.svg (compressed_size=414 bytes, uncompressed_size=858 bytes)
[debug] [2024-04-13T12:32:07.463Z] [unzip] Processing entry: client\assets\provider-icons\auth_service_oidc.svg
[debug] [2024-04-13T12:32:07.463Z] [unzip] else mkdir: C:\Users\pc\.cache\firebase\emulators\ui-v1.11.8\client\assets\provider-icons
[debug] [2024-04-13T12:32:07.463Z] [unzip] deflating: C:\Users\pc\.cache\firebase\emulators\ui-v1.11.8\client\assets\provider-icons\auth_service_oidc.svg
[debug] [2024-04-13T12:32:07.465Z] [unzip] Entry: client/assets/provider-icons/auth_service_yahoo.svg (compressed_size=577 bytes, uncompressed_size=1182 bytes)
[debug] [2024-04-13T12:32:07.465Z] [unzip] Processing entry: client\assets\provider-icons\auth_service_yahoo.svg
[debug] [2024-04-13T12:32:07.465Z] [unzip] else mkdir: C:\Users\pc\.cache\firebase\emulators\ui-v1.11.8\client\assets\provider-icons
[debug] [2024-04-13T12:32:07.465Z] [unzip] deflating: C:\Users\pc\.cache\firebase\emulators\ui-v1.11.8\client\assets\provider-icons\auth_service_yahoo.svg
[debug] [2024-04-13T12:32:07.466Z] [unzip] Entry: client/assets/provider-icons/auth_service_phone.svg (compressed_size=261 bytes, uncompressed_size=414 bytes)
[debug] [2024-04-13T12:32:07.466Z] [unzip] Processing entry: client\assets\provider-icons\auth_service_phone.svg
[debug] [2024-04-13T12:32:07.466Z] [unzip] else mkdir: C:\Users\pc\.cache\firebase\emulators\ui-v1.11.8\client\assets\provider-icons
[debug] [2024-04-13T12:32:07.467Z] [unzip] deflating: C:\Users\pc\.cache\firebase\emulators\ui-v1.11.8\client\assets\provider-icons\auth_service_phone.svg
[debug] [2024-04-13T12:32:07.468Z] [unzip] Entry: client/assets/provider-icons/auth_service_saml.svg (compressed_size=575 bytes, uncompressed_size=1226 bytes)
[debug] [2024-04-13T12:32:07.468Z] [unzip] Processing entry: client\assets\provider-icons\auth_service_saml.svg
[debug] [2024-04-13T12:32:07.468Z] [unzip] else mkdir: C:\Users\pc\.cache\firebase\emulators\ui-v1.11.8\client\assets\provider-icons
[debug] [2024-04-13T12:32:07.468Z] [unzip] deflating: C:\Users\pc\.cache\firebase\emulators\ui-v1.11.8\client\assets\provider-icons\auth_service_saml.svg
[debug] [2024-04-13T12:32:07.470Z] [unzip] Entry: client/assets/provider-icons/auth_service_mslive.svg (compressed_size=203 bytes, uncompressed_size=378 bytes)
[debug] [2024-04-13T12:32:07.470Z] [unzip] Processing entry: client\assets\provider-icons\auth_service_mslive.svg
[debug] [2024-04-13T12:32:07.470Z] [unzip] else mkdir: C:\Users\pc\.cache\firebase\emulators\ui-v1.11.8\client\assets\provider-icons
[debug] [2024-04-13T12:32:07.470Z] [unzip] deflating: C:\Users\pc\.cache\firebase\emulators\ui-v1.11.8\client\assets\provider-icons\auth_service_mslive.svg
[debug] [2024-04-13T12:32:07.471Z] [unzip] Entry: client/assets/provider-icons/auth_service_facebook.svg (compressed_size=289 bytes, uncompressed_size=457 bytes)
[debug] [2024-04-13T12:32:07.471Z] [unzip] Processing entry: client\assets\provider-icons\auth_service_facebook.svg
[debug] [2024-04-13T12:32:07.472Z] [unzip] else mkdir: C:\Users\pc\.cache\firebase\emulators\ui-v1.11.8\client\assets\provider-icons
[debug] [2024-04-13T12:32:07.472Z] [unzip] deflating: C:\Users\pc\.cache\firebase\emulators\ui-v1.11.8\client\assets\provider-icons\auth_service_facebook.svg
[debug] [2024-04-13T12:32:07.473Z] [unzip] Entry: client/assets/provider-icons/auth_service_play_games.svg (compressed_size=565 bytes, uncompressed_size=1173 bytes)
[debug] [2024-04-13T12:32:07.473Z] [unzip] Processing entry: client\assets\provider-icons\auth_service_play_games.svg
[debug] [2024-04-13T12:32:07.473Z] [unzip] else mkdir: C:\Users\pc\.cache\firebase\emulators\ui-v1.11.8\client\assets\provider-icons
[debug] [2024-04-13T12:32:07.473Z] [unzip] deflating: C:\Users\pc\.cache\firebase\emulators\ui-v1.11.8\client\assets\provider-icons\auth_service_play_games.svg
[debug] [2024-04-13T12:32:07.474Z] [unzip] Entry: client/assets/provider-icons/auth_service_github.svg (compressed_size=466 bytes, uncompressed_size=838 bytes)
[debug] [2024-04-13T12:32:07.474Z] [unzip] Processing entry: client\assets\provider-icons\auth_service_github.svg
[debug] [2024-04-13T12:32:07.475Z] [unzip] else mkdir: C:\Users\pc\.cache\firebase\emulators\ui-v1.11.8\client\assets\provider-icons
[debug] [2024-04-13T12:32:07.475Z] [unzip] deflating: C:\Users\pc\.cache\firebase\emulators\ui-v1.11.8\client\assets\provider-icons\auth_service_github.svg
[debug] [2024-04-13T12:32:07.476Z] [unzip] Entry: client/assets/provider-icons/auth_service_apple.svg (compressed_size=230 bytes, uncompressed_size=334 bytes)
[debug] [2024-04-13T12:32:07.476Z] [unzip] Processing entry: client\assets\provider-icons\auth_service_apple.svg
[debug] [2024-04-13T12:32:07.476Z] [unzip] else mkdir: C:\Users\pc\.cache\firebase\emulators\ui-v1.11.8\client\assets\provider-icons
[debug] [2024-04-13T12:32:07.476Z] [unzip] deflating: C:\Users\pc\.cache\firebase\emulators\ui-v1.11.8\client\assets\provider-icons\auth_service_apple.svg
[debug] [2024-04-13T12:32:07.477Z] [unzip] Entry: client/assets/provider-icons/auth_service_google.svg (compressed_size=409 bytes, uncompressed_size=720 bytes)
[debug] [2024-04-13T12:32:07.477Z] [unzip] Processing entry: client\assets\provider-icons\auth_service_google.svg
[debug] [2024-04-13T12:32:07.477Z] [unzip] else mkdir: C:\Users\pc\.cache\firebase\emulators\ui-v1.11.8\client\assets\provider-icons
[debug] [2024-04-13T12:32:07.478Z] [unzip] deflating: C:\Users\pc\.cache\firebase\emulators\ui-v1.11.8\client\assets\provider-icons\auth_service_google.svg
[debug] [2024-04-13T12:32:07.479Z] [unzip] Entry: client/assets/provider-icons/auth_service_email.svg (compressed_size=228 bytes, uncompressed_size=326 bytes)
[debug] [2024-04-13T12:32:07.479Z] [unzip] Processing entry: client\assets\provider-icons\auth_service_email.svg
[debug] [2024-04-13T12:32:07.479Z] [unzip] else mkdir: C:\Users\pc\.cache\firebase\emulators\ui-v1.11.8\client\assets\provider-icons
[debug] [2024-04-13T12:32:07.479Z] [unzip] deflating: C:\Users\pc\.cache\firebase\emulators\ui-v1.11.8\client\assets\provider-icons\auth_service_email.svg
[debug] [2024-04-13T12:32:07.481Z] [unzip] Entry: client/assets/provider-icons/auth_service_twitter.svg (compressed_size=444 bytes, uncompressed_size=751 bytes)
[debug] [2024-04-13T12:32:07.481Z] [unzip] Processing entry: client\assets\provider-icons\auth_service_twitter.svg
[debug] [2024-04-13T12:32:07.481Z] [unzip] else mkdir: C:\Users\pc\.cache\firebase\emulators\ui-v1.11.8\client\assets\provider-icons
[debug] [2024-04-13T12:32:07.482Z] [unzip] deflating: C:\Users\pc\.cache\firebase\emulators\ui-v1.11.8\client\assets\provider-icons\auth_service_twitter.svg
[debug] [2024-04-13T12:32:07.483Z] [unzip] Entry: client/assets/provider-icons/auth_service_game_center.svg (compressed_size=991 bytes, uncompressed_size=3921 bytes)
[debug] [2024-04-13T12:32:07.483Z] [unzip] Processing entry: client\assets\provider-icons\auth_service_game_center.svg
[debug] [2024-04-13T12:32:07.483Z] [unzip] else mkdir: C:\Users\pc\.cache\firebase\emulators\ui-v1.11.8\client\assets\provider-icons
[debug] [2024-04-13T12:32:07.483Z] [unzip] deflating: C:\Users\pc\.cache\firebase\emulators\ui-v1.11.8\client\assets\provider-icons\auth_service_game_center.svg
[debug] [2024-04-13T12:32:07.484Z] [unzip] Entry: client/assets/img/ (compressed_size=0 bytes, uncompressed_size=0 bytes)
[debug] [2024-04-13T12:32:07.484Z] [unzip] Processing entry: client\assets\img\
[debug] [2024-04-13T12:32:07.485Z] [unzip] mkdir: C:\Users\pc\.cache\firebase\emulators\ui-v1.11.8\client\assets\img\
[debug] [2024-04-13T12:32:07.485Z] [unzip] Entry: client/assets/img/database.png (compressed_size=29449 bytes, uncompressed_size=29988 bytes)
[debug] [2024-04-13T12:32:07.485Z] [unzip] Processing entry: client\assets\img\database.png
[debug] [2024-04-13T12:32:07.485Z] [unzip] else mkdir: C:\Users\pc\.cache\firebase\emulators\ui-v1.11.8\client\assets\img
[debug] [2024-04-13T12:32:07.485Z] [unzip] deflating: C:\Users\pc\.cache\firebase\emulators\ui-v1.11.8\client\assets\img\database.png
[debug] [2024-04-13T12:32:07.487Z] [unzip] Entry: client/assets/index-Cj5I7867.css (compressed_size=35786 bytes, uncompressed_size=297937 bytes)
[debug] [2024-04-13T12:32:07.487Z] [unzip] Processing entry: client\assets\index-Cj5I7867.css
[debug] [2024-04-13T12:32:07.487Z] [unzip] else mkdir: C:\Users\pc\.cache\firebase\emulators\ui-v1.11.8\client\assets
[debug] [2024-04-13T12:32:07.487Z] [unzip] deflating: C:\Users\pc\.cache\firebase\emulators\ui-v1.11.8\client\assets\index-Cj5I7867.css
[debug] [2024-04-13T12:32:07.491Z] [unzip] Entry: client/assets/index-Z4-ilXvq.js (compressed_size=563876 bytes, uncompressed_size=2021818 bytes)
[debug] [2024-04-13T12:32:07.492Z] [unzip] Processing entry: client\assets\index-Z4-ilXvq.js
[debug] [2024-04-13T12:32:07.492Z] [unzip] else mkdir: C:\Users\pc\.cache\firebase\emulators\ui-v1.11.8\client\assets
[debug] [2024-04-13T12:32:07.492Z] [unzip] deflating: C:\Users\pc\.cache\firebase\emulators\ui-v1.11.8\client\assets\index-Z4-ilXvq.js
[debug] [2024-04-13T12:32:07.506Z] [unzip] Entry: client/safari-pinned-tab.svg (compressed_size=838 bytes, uncompressed_size=1504 bytes)
[debug] [2024-04-13T12:32:07.506Z] [unzip] Processing entry: client\safari-pinned-tab.svg
[debug] [2024-04-13T12:32:07.506Z] [unzip] else mkdir: C:\Users\pc\.cache\firebase\emulators\ui-v1.11.8\client
[debug] [2024-04-13T12:32:07.506Z] [unzip] deflating: C:\Users\pc\.cache\firebase\emulators\ui-v1.11.8\client\safari-pinned-tab.svg
[debug] [2024-04-13T12:32:07.508Z] [unzip] Entry: client/mstile-150x150.png (compressed_size=5406 bytes, uncompressed_size=5723 bytes)
[debug] [2024-04-13T12:32:07.508Z] [unzip] Processing entry: client\mstile-150x150.png
[debug] [2024-04-13T12:32:07.508Z] [unzip] else mkdir: C:\Users\pc\.cache\firebase\emulators\ui-v1.11.8\client
[debug] [2024-04-13T12:32:07.508Z] [unzip] deflating: C:\Users\pc\.cache\firebase\emulators\ui-v1.11.8\client\mstile-150x150.png
[debug] [2024-04-13T12:32:07.509Z] [unzip] Entry: client/browserconfig.xml (compressed_size=491 bytes, uncompressed_size=822 bytes)
[debug] [2024-04-13T12:32:07.509Z] [unzip] Processing entry: client\browserconfig.xml
[debug] [2024-04-13T12:32:07.509Z] [unzip] else mkdir: C:\Users\pc\.cache\firebase\emulators\ui-v1.11.8\client
[debug] [2024-04-13T12:32:07.510Z] [unzip] deflating: C:\Users\pc\.cache\firebase\emulators\ui-v1.11.8\client\browserconfig.xml
[debug] [2024-04-13T12:32:07.511Z] [unzip] Entry: client/robots.txt (compressed_size=26 bytes, uncompressed_size=26 bytes)
[debug] [2024-04-13T12:32:07.511Z] [unzip] Processing entry: client\robots.txt
[debug] [2024-04-13T12:32:07.511Z] [unzip] else mkdir: C:\Users\pc\.cache\firebase\emulators\ui-v1.11.8\client
[debug] [2024-04-13T12:32:07.512Z] [unzip] Writing file: C:\Users\pc\.cache\firebase\emulators\ui-v1.11.8\client\robots.txt
[debug] [2024-04-13T12:32:07.513Z] [unzip] Entry: client/index.html (compressed_size=1365 bytes, uncompressed_size=3071 bytes)
[debug] [2024-04-13T12:32:07.513Z] [unzip] Processing entry: client\index.html
[debug] [2024-04-13T12:32:07.513Z] [unzip] else mkdir: C:\Users\pc\.cache\firebase\emulators\ui-v1.11.8\client
[debug] [2024-04-13T12:32:07.513Z] [unzip] deflating: C:\Users\pc\.cache\firebase\emulators\ui-v1.11.8\client\index.html
[debug] [2024-04-13T12:32:07.514Z] [unzip] Entry: client/favicon-16x16.png (compressed_size=757 bytes, uncompressed_size=777 bytes)
[debug] [2024-04-13T12:32:07.515Z] [unzip] Processing entry: client\favicon-16x16.png
[debug] [2024-04-13T12:32:07.515Z] [unzip] else mkdir: C:\Users\pc\.cache\firebase\emulators\ui-v1.11.8\client
[debug] [2024-04-13T12:32:07.515Z] [unzip] deflating: C:\Users\pc\.cache\firebase\emulators\ui-v1.11.8\client\favicon-16x16.png
[debug] [2024-04-13T12:32:07.516Z] [unzip] Entry: client/manifest.json (compressed_size=246 bytes, uncompressed_size=551 bytes)
[debug] [2024-04-13T12:32:07.516Z] [unzip] Processing entry: client\manifest.json
[debug] [2024-04-13T12:32:07.516Z] [unzip] else mkdir: C:\Users\pc\.cache\firebase\emulators\ui-v1.11.8\client
[debug] [2024-04-13T12:32:07.516Z] [unzip] deflating: C:\Users\pc\.cache\firebase\emulators\ui-v1.11.8\client\manifest.json
[debug] [2024-04-13T12:32:07.517Z] [unzip] Entry: client/favicon-32x32.png (compressed_size=1175 bytes, uncompressed_size=1175 bytes)
[debug] [2024-04-13T12:32:07.517Z] [unzip] Processing entry: client\favicon-32x32.png
[debug] [2024-04-13T12:32:07.517Z] [unzip] else mkdir: C:\Users\pc\.cache\firebase\emulators\ui-v1.11.8\client
[debug] [2024-04-13T12:32:07.518Z] [unzip] Writing file: C:\Users\pc\.cache\firebase\emulators\ui-v1.11.8\client\favicon-32x32.png
[debug] [2024-04-13T12:32:07.518Z] [unzip] Entry: client/android-chrome-192x192.png (compressed_size=7602 bytes, uncompressed_size=7834 bytes)
[debug] [2024-04-13T12:32:07.519Z] [unzip] Processing entry: client\android-chrome-192x192.png
[debug] [2024-04-13T12:32:07.519Z] [unzip] else mkdir: C:\Users\pc\.cache\firebase\emulators\ui-v1.11.8\client
[debug] [2024-04-13T12:32:07.519Z] [unzip] deflating: C:\Users\pc\.cache\firebase\emulators\ui-v1.11.8\client\android-chrome-192x192.png
[debug] [2024-04-13T12:32:07.520Z] [unzip] Entry: server/ (compressed_size=0 bytes, uncompressed_size=0 bytes)
[debug] [2024-04-13T12:32:07.520Z] [unzip] Processing entry: server\
[debug] [2024-04-13T12:32:07.520Z] [unzip] mkdir: C:\Users\pc\.cache\firebase\emulators\ui-v1.11.8\server\
[debug] [2024-04-13T12:32:07.521Z] [unzip] Entry: server/server.mjs (compressed_size=311497 bytes, uncompressed_size=1147307 bytes)
[debug] [2024-04-13T12:32:07.521Z] [unzip] Processing entry: server\server.mjs
[debug] [2024-04-13T12:32:07.521Z] [unzip] else mkdir: C:\Users\pc\.cache\firebase\emulators\ui-v1.11.8\server
[debug] [2024-04-13T12:32:07.521Z] [unzip] deflating: C:\Users\pc\.cache\firebase\emulators\ui-v1.11.8\server\server.mjs
[debug] [2024-04-13T12:32:07.528Z] [unzip] Entry: server/assets/ (compressed_size=0 bytes, uncompressed_size=0 bytes)
[debug] [2024-04-13T12:32:07.528Z] [unzip] Processing entry: server\assets\
[debug] [2024-04-13T12:32:07.528Z] [unzip] mkdir: C:\Users\pc\.cache\firebase\emulators\ui-v1.11.8\server\assets\
[debug] [2024-04-13T12:32:07.529Z] [unzip] Entry: server/assets/multipart-parser-n20ATYm_.mjs.map (compressed_size=4790 bytes, uncompressed_size=17920 bytes)
[debug] [2024-04-13T12:32:07.529Z] [unzip] Processing entry: server\assets\multipart-parser-n20ATYm_.mjs.map
[debug] [2024-04-13T12:32:07.529Z] [unzip] else mkdir: C:\Users\pc\.cache\firebase\emulators\ui-v1.11.8\server\assets
[debug] [2024-04-13T12:32:07.529Z] [unzip] deflating: C:\Users\pc\.cache\firebase\emulators\ui-v1.11.8\server\assets\multipart-parser-n20ATYm_.mjs.map
[debug] [2024-04-13T12:32:07.530Z] [unzip] Entry: server/assets/multipart-parser-n20ATYm_.mjs (compressed_size=2625 bytes, uncompressed_size=10428 bytes)
[debug] [2024-04-13T12:32:07.530Z] [unzip] Processing entry: server\assets\multipart-parser-n20ATYm_.mjs
[debug] [2024-04-13T12:32:07.530Z] [unzip] else mkdir: C:\Users\pc\.cache\firebase\emulators\ui-v1.11.8\server\assets
[debug] [2024-04-13T12:32:07.531Z] [unzip] deflating: C:\Users\pc\.cache\firebase\emulators\ui-v1.11.8\server\assets\multipart-parser-n20ATYm_.mjs
[debug] [2024-04-13T12:32:07.532Z] [unzip] Entry: server/server.mjs.map (compressed_size=286219 bytes, uncompressed_size=1310517 bytes)
[debug] [2024-04-13T12:32:07.532Z] [unzip] Processing entry: server\server.mjs.map
[debug] [2024-04-13T12:32:07.532Z] [unzip] else mkdir: C:\Users\pc\.cache\firebase\emulators\ui-v1.11.8\server
[debug] [2024-04-13T12:32:07.532Z] [unzip] deflating: C:\Users\pc\.cache\firebase\emulators\ui-v1.11.8\server\server.mjs.map
[debug] [2024-04-13T12:32:07.541Z] Ignoring unsupported arg: auto_download {"metadata":{"emulator":{"name":"ui"},"message":"Ignoring unsupported arg: auto_download"}}
[debug] [2024-04-13T12:32:07.541Z] Ignoring unsupported arg: port {"metadata":{"emulator":{"name":"ui"},"message":"Ignoring unsupported arg: port"}}
[debug] [2024-04-13T12:32:07.541Z] Starting Emulator UI with command {"binary":"node","args":["C:\\Users\\pc\\.cache\\firebase\\emulators\\ui-v1.11.8\\server\\server.mjs"],"optionalArgs":[],"joinArgs":false} {"metadata":{"emulator":{"name":"ui"},"message":"Starting Emulator UI with command {\"binary\":\"node\",\"args\":[\"C:\\\\Users\\\\pc\\\\.cache\\\\firebase\\\\emulators\\\\ui-v1.11.8\\\\server\\\\server.mjs\"],\"optionalArgs\":[],\"joinArgs\":false}"}}
[info] i  ui: Emulator UI logging to ui-debug.log {"metadata":{"emulator":{"name":"ui"},"message":"Emulator UI logging to \u001b[1mui-debug.log\u001b[22m"}}
[debug] [2024-04-13T12:32:07.869Z] Web / API server started at 127.0.0.1:4000
 {"metadata":{"emulator":{"name":"ui"},"message":"Web / API server started at 127.0.0.1:4000\n"}}
[debug] [2024-04-13T12:32:07.869Z] Web / API server started at ::1:4000
 {"metadata":{"emulator":{"name":"ui"},"message":"Web / API server started at ::1:4000\n"}}
[info] 
┌─────────────────────────────────────────────────────────────┐
│ ✔  All emulators ready! It is now safe to connect your app. │
│ i  View Emulator UI at http://127.0.0.1:4000/               │
└─────────────────────────────────────────────────────────────┘

┌────────────────┬────────────────┬─────────────────────────────────┐
│ Emulator       │ Host:Port      │ View in Emulator UI             │
├────────────────┼────────────────┼─────────────────────────────────┤
│ Authentication │ 127.0.0.1:9099 │ http://127.0.0.1:4000/auth      │
├────────────────┼────────────────┼─────────────────────────────────┤
│ Firestore      │ 127.0.0.1:8080 │ http://127.0.0.1:4000/firestore │
└────────────────┴────────────────┴─────────────────────────────────┘
  Emulator Hub running at 127.0.0.1:4400
  Other reserved ports: 4500, 9150

Issues? Report them at https://github.com/firebase/firebase-tools/issues and attach the *-debug.log files.
 
[warn] !  Received a signed JWT. Auth Emulator does not validate JWTs and IS NOT SECURE {"metadata":{"emulator":{"name":"auth"},"message":"Received a signed JWT. Auth Emulator does not validate JWTs and IS NOT SECURE"}}
[warn] !  Received a signed JWT. Auth Emulator does not validate JWTs and IS NOT SECURE {"metadata":{"emulator":{"name":"auth"},"message":"Received a signed JWT. Auth Emulator does not validate JWTs and IS NOT SECURE"}}
[debug] [2024-04-14T03:01:51.851Z] ----------------------------------------------------------------------
[debug] [2024-04-14T03:01:51.854Z] Command:       C:\Program Files\nodejs\node.exe C:\Program Files\nodejs\node_modules\firebase-tools\lib\bin\firebase.js emulators:start
[debug] [2024-04-14T03:01:51.854Z] CLI Version:   13.7.2
[debug] [2024-04-14T03:01:51.854Z] Platform:      win32
[debug] [2024-04-14T03:01:51.855Z] Node Version:  v21.6.1
[debug] [2024-04-14T03:01:51.855Z] Time:          Sun Apr 14 2024 10:01:51 GMT+0700 (Indochina Time)
[debug] [2024-04-14T03:01:51.855Z] ----------------------------------------------------------------------
[debug] 
[debug] [2024-04-14T03:01:52.012Z] > command requires scopes: ["email","openid","https://www.googleapis.com/auth/cloudplatformprojects.readonly","https://www.googleapis.com/auth/firebase","https://www.googleapis.com/auth/cloud-platform"]
[debug] [2024-04-14T03:01:52.013Z] > authorizing via signed-in user (canh51102@gmail.com)
[debug] [2024-04-14T03:01:52.384Z] java version "17.0.10" 2024-01-16 LTS
Java(TM) SE Runtime Environment (build 17.0.10+11-LTS-240)
Java HotSpot(TM) 64-Bit Server VM (build 17.0.10+11-LTS-240, mixed mode, sharing)

[debug] [2024-04-14T03:01:52.401Z] Parsed Java major version: 17
[info] i  emulators: Starting emulators: auth, firestore {"metadata":{"emulator":{"name":"hub"},"message":"Starting emulators: auth, firestore"}}
[debug] [2024-04-14T03:01:52.418Z] [logging] Logging Emulator only supports listening on one address (127.0.0.1). Not listening on ::1
[debug] [2024-04-14T03:01:52.418Z] [auth] Authentication Emulator only supports listening on one address (127.0.0.1). Not listening on ::1
[debug] [2024-04-14T03:01:52.418Z] [firestore] Firestore Emulator only supports listening on one address (127.0.0.1). Not listening on ::1
[debug] [2024-04-14T03:01:52.418Z] [firestore.websocket] websocket server for firestore only supports listening on one address (127.0.0.1). Not listening on ::1
[debug] [2024-04-14T03:01:52.418Z] assigned listening specs for emulators {"user":{"hub":[{"address":"127.0.0.1","family":"IPv4","port":4400},{"address":"::1","family":"IPv6","port":4400}],"ui":[{"address":"127.0.0.1","family":"IPv4","port":4000},{"address":"::1","family":"IPv6","port":4000}],"logging":[{"address":"127.0.0.1","family":"IPv4","port":4500}],"auth":[{"address":"127.0.0.1","family":"IPv4","port":9099}],"firestore":[{"address":"127.0.0.1","family":"IPv4","port":8080}],"firestore.websocket":[{"address":"127.0.0.1","family":"IPv4","port":9150}]},"metadata":{"message":"assigned listening specs for emulators"}}
[warn] !  emulators: It seems that you are running multiple instances of the emulator suite for project chatapp-ee268. This may result in unexpected behavior. 
[debug] [2024-04-14T03:01:52.425Z] [hub] writing locator at C:\Users\pc\AppData\Local\Temp\hub-chatapp-ee268.json
[debug] [2024-04-14T03:01:52.441Z] Ignoring unsupported arg: auto_download {"metadata":{"emulator":{"name":"firestore"},"message":"Ignoring unsupported arg: auto_download"}}
[debug] [2024-04-14T03:01:52.442Z] Ignoring unsupported arg: single_project_mode_error {"metadata":{"emulator":{"name":"firestore"},"message":"Ignoring unsupported arg: single_project_mode_error"}}
[debug] [2024-04-14T03:01:52.442Z] Starting Firestore Emulator with command {"binary":"java","args":["-Dgoogle.cloud_firestore.debug_log_level=FINE","-Duser.language=en","-jar","C:\\Users\\pc\\.cache\\firebase\\emulators\\cloud-firestore-emulator-v1.19.4.jar","--host","127.0.0.1","--port",8080,"--websocket_port",9150,"--project_id","chatapp-ee268","--rules","G:\\Study\\ChatApp_Firebase\\chat-app-firebase\\firestore.rules","--single_project_mode",true],"optionalArgs":["port","webchannel_port","host","rules","websocket_port","functions_emulator","seed_from_export","project_id","single_project_mode"],"joinArgs":false} {"metadata":{"emulator":{"name":"firestore"},"message":"Starting Firestore Emulator with command {\"binary\":\"java\",\"args\":[\"-Dgoogle.cloud_firestore.debug_log_level=FINE\",\"-Duser.language=en\",\"-jar\",\"C:\\\\Users\\\\pc\\\\.cache\\\\firebase\\\\emulators\\\\cloud-firestore-emulator-v1.19.4.jar\",\"--host\",\"127.0.0.1\",\"--port\",8080,\"--websocket_port\",9150,\"--project_id\",\"chatapp-ee268\",\"--rules\",\"G:\\\\Study\\\\ChatApp_Firebase\\\\chat-app-firebase\\\\firestore.rules\",\"--single_project_mode\",true],\"optionalArgs\":[\"port\",\"webchannel_port\",\"host\",\"rules\",\"websocket_port\",\"functions_emulator\",\"seed_from_export\",\"project_id\",\"single_project_mode\"],\"joinArgs\":false}"}}
[info] i  firestore: Firestore Emulator logging to firestore-debug.log {"metadata":{"emulator":{"name":"firestore"},"message":"Firestore Emulator logging to \u001b[1mfirestore-debug.log\u001b[22m"}}
[info] +  firestore: Firestore Emulator UI websocket is running on 9150. {"metadata":{"emulator":{"name":"firestore"},"message":"Firestore Emulator UI websocket is running on 9150."}}
[debug] [2024-04-14T03:02:03.029Z] Ignoring unsupported arg: auto_download {"metadata":{"emulator":{"name":"ui"},"message":"Ignoring unsupported arg: auto_download"}}
[debug] [2024-04-14T03:02:03.029Z] Ignoring unsupported arg: port {"metadata":{"emulator":{"name":"ui"},"message":"Ignoring unsupported arg: port"}}
[debug] [2024-04-14T03:02:03.029Z] Starting Emulator UI with command {"binary":"node","args":["C:\\Users\\pc\\.cache\\firebase\\emulators\\ui-v1.11.8\\server\\server.mjs"],"optionalArgs":[],"joinArgs":false} {"metadata":{"emulator":{"name":"ui"},"message":"Starting Emulator UI with command {\"binary\":\"node\",\"args\":[\"C:\\\\Users\\\\pc\\\\.cache\\\\firebase\\\\emulators\\\\ui-v1.11.8\\\\server\\\\server.mjs\"],\"optionalArgs\":[],\"joinArgs\":false}"}}
[info] i  ui: Emulator UI logging to ui-debug.log {"metadata":{"emulator":{"name":"ui"},"message":"Emulator UI logging to \u001b[1mui-debug.log\u001b[22m"}}
[debug] [2024-04-14T03:02:03.360Z] Web / API server started at 127.0.0.1:4000
 {"metadata":{"emulator":{"name":"ui"},"message":"Web / API server started at 127.0.0.1:4000\n"}}
[debug] [2024-04-14T03:02:03.360Z] Web / API server started at ::1:4000
 {"metadata":{"emulator":{"name":"ui"},"message":"Web / API server started at ::1:4000\n"}}
[info] 
┌─────────────────────────────────────────────────────────────┐
│ ✔  All emulators ready! It is now safe to connect your app. │
│ i  View Emulator UI at http://127.0.0.1:4000/               │
└─────────────────────────────────────────────────────────────┘

┌────────────────┬────────────────┬─────────────────────────────────┐
│ Emulator       │ Host:Port      │ View in Emulator UI             │
├────────────────┼────────────────┼─────────────────────────────────┤
│ Authentication │ 127.0.0.1:9099 │ http://127.0.0.1:4000/auth      │
├────────────────┼────────────────┼─────────────────────────────────┤
│ Firestore      │ 127.0.0.1:8080 │ http://127.0.0.1:4000/firestore │
└────────────────┴────────────────┴─────────────────────────────────┘
  Emulator Hub running at 127.0.0.1:4400
  Other reserved ports: 4500, 9150

Issues? Report them at https://github.com/firebase/firebase-tools/issues and attach the *-debug.log files.
 
[warn] !  Received a signed JWT. Auth Emulator does not validate JWTs and IS NOT SECURE {"metadata":{"emulator":{"name":"auth"},"message":"Received a signed JWT. Auth Emulator does not validate JWTs and IS NOT SECURE"}}
[warn] !  Received a signed JWT. Auth Emulator does not validate JWTs and IS NOT SECURE {"metadata":{"emulator":{"name":"auth"},"message":"Received a signed JWT. Auth Emulator does not validate JWTs and IS NOT SECURE"}}
[debug] [2024-04-15T06:16:07.942Z] ----------------------------------------------------------------------
[debug] [2024-04-15T06:16:07.946Z] Command:       C:\Program Files\nodejs\node.exe C:\Program Files\nodejs\node_modules\firebase-tools\lib\bin\firebase.js emulators:start
[debug] [2024-04-15T06:16:07.947Z] CLI Version:   13.7.2
[debug] [2024-04-15T06:16:07.947Z] Platform:      win32
[debug] [2024-04-15T06:16:07.947Z] Node Version:  v21.6.1
[debug] [2024-04-15T06:16:07.948Z] Time:          Mon Apr 15 2024 13:16:07 GMT+0700 (Indochina Time)
[debug] [2024-04-15T06:16:07.948Z] ----------------------------------------------------------------------
[debug] 
[debug] [2024-04-15T06:16:07.965Z] >>> [apiv2][query] GET https://firebase-public.firebaseio.com/cli.json [none]
[debug] [2024-04-15T06:16:08.142Z] > command requires scopes: ["email","openid","https://www.googleapis.com/auth/cloudplatformprojects.readonly","https://www.googleapis.com/auth/firebase","https://www.googleapis.com/auth/cloud-platform"]
[debug] [2024-04-15T06:16:08.142Z] > authorizing via signed-in user (canh51102@gmail.com)
[debug] [2024-04-15T06:16:08.555Z] java version "17.0.10" 2024-01-16 LTS

[debug] [2024-04-15T06:16:08.556Z] Java(TM) SE Runtime Environment (build 17.0.10+11-LTS-240)
Java HotSpot(TM) 64-Bit Server VM (build 17.0.10+11-LTS-240, mixed mode, sharing)

[debug] [2024-04-15T06:16:08.591Z] Parsed Java major version: 17
[info] i  emulators: Starting emulators: auth, firestore {"metadata":{"emulator":{"name":"hub"},"message":"Starting emulators: auth, firestore"}}
[debug] [2024-04-15T06:16:08.608Z] [logging] Logging Emulator only supports listening on one address (127.0.0.1). Not listening on ::1
[debug] [2024-04-15T06:16:08.608Z] [auth] Authentication Emulator only supports listening on one address (127.0.0.1). Not listening on ::1
[debug] [2024-04-15T06:16:08.608Z] [firestore] Firestore Emulator only supports listening on one address (127.0.0.1). Not listening on ::1
[debug] [2024-04-15T06:16:08.609Z] [firestore.websocket] websocket server for firestore only supports listening on one address (127.0.0.1). Not listening on ::1
[debug] [2024-04-15T06:16:08.609Z] assigned listening specs for emulators {"user":{"hub":[{"address":"127.0.0.1","family":"IPv4","port":4400},{"address":"::1","family":"IPv6","port":4400}],"ui":[{"address":"127.0.0.1","family":"IPv4","port":4000},{"address":"::1","family":"IPv6","port":4000}],"logging":[{"address":"127.0.0.1","family":"IPv4","port":4500}],"auth":[{"address":"127.0.0.1","family":"IPv4","port":9099}],"firestore":[{"address":"127.0.0.1","family":"IPv4","port":8080}],"firestore.websocket":[{"address":"127.0.0.1","family":"IPv4","port":9150}]},"metadata":{"message":"assigned listening specs for emulators"}}
[warn] !  emulators: It seems that you are running multiple instances of the emulator suite for project chatapp-ee268. This may result in unexpected behavior. 
[debug] [2024-04-15T06:16:08.617Z] [hub] writing locator at C:\Users\pc\AppData\Local\Temp\hub-chatapp-ee268.json
[debug] [2024-04-15T06:16:08.638Z] Ignoring unsupported arg: auto_download {"metadata":{"emulator":{"name":"firestore"},"message":"Ignoring unsupported arg: auto_download"}}
[debug] [2024-04-15T06:16:08.639Z] Ignoring unsupported arg: single_project_mode_error {"metadata":{"emulator":{"name":"firestore"},"message":"Ignoring unsupported arg: single_project_mode_error"}}
[debug] [2024-04-15T06:16:08.639Z] Starting Firestore Emulator with command {"binary":"java","args":["-Dgoogle.cloud_firestore.debug_log_level=FINE","-Duser.language=en","-jar","C:\\Users\\pc\\.cache\\firebase\\emulators\\cloud-firestore-emulator-v1.19.4.jar","--host","127.0.0.1","--port",8080,"--websocket_port",9150,"--project_id","chatapp-ee268","--rules","G:\\Study\\ChatApp_Firebase\\chat-app-firebase\\firestore.rules","--single_project_mode",true],"optionalArgs":["port","webchannel_port","host","rules","websocket_port","functions_emulator","seed_from_export","project_id","single_project_mode"],"joinArgs":false} {"metadata":{"emulator":{"name":"firestore"},"message":"Starting Firestore Emulator with command {\"binary\":\"java\",\"args\":[\"-Dgoogle.cloud_firestore.debug_log_level=FINE\",\"-Duser.language=en\",\"-jar\",\"C:\\\\Users\\\\pc\\\\.cache\\\\firebase\\\\emulators\\\\cloud-firestore-emulator-v1.19.4.jar\",\"--host\",\"127.0.0.1\",\"--port\",8080,\"--websocket_port\",9150,\"--project_id\",\"chatapp-ee268\",\"--rules\",\"G:\\\\Study\\\\ChatApp_Firebase\\\\chat-app-firebase\\\\firestore.rules\",\"--single_project_mode\",true],\"optionalArgs\":[\"port\",\"webchannel_port\",\"host\",\"rules\",\"websocket_port\",\"functions_emulator\",\"seed_from_export\",\"project_id\",\"single_project_mode\"],\"joinArgs\":false}"}}
[info] i  firestore: Firestore Emulator logging to firestore-debug.log {"metadata":{"emulator":{"name":"firestore"},"message":"Firestore Emulator logging to \u001b[1mfirestore-debug.log\u001b[22m"}}
[debug] [2024-04-15T06:16:08.661Z] <<< [apiv2][status] GET https://firebase-public.firebaseio.com/cli.json 200
[debug] [2024-04-15T06:16:08.661Z] <<< [apiv2][body] GET https://firebase-public.firebaseio.com/cli.json {"cloudBuildErrorAfter":1594252800000,"cloudBuildWarnAfter":1590019200000,"defaultNode10After":1594252800000,"minVersion":"3.0.5","node8DeploysDisabledAfter":1613390400000,"node8RuntimeDisabledAfter":1615809600000,"node8WarnAfter":1600128000000}
[info] +  firestore: Firestore Emulator UI websocket is running on 9150. {"metadata":{"emulator":{"name":"firestore"},"message":"Firestore Emulator UI websocket is running on 9150."}}
[debug] [2024-04-15T06:16:19.233Z] Ignoring unsupported arg: auto_download {"metadata":{"emulator":{"name":"ui"},"message":"Ignoring unsupported arg: auto_download"}}
[debug] [2024-04-15T06:16:19.234Z] Ignoring unsupported arg: port {"metadata":{"emulator":{"name":"ui"},"message":"Ignoring unsupported arg: port"}}
[debug] [2024-04-15T06:16:19.234Z] Starting Emulator UI with command {"binary":"node","args":["C:\\Users\\pc\\.cache\\firebase\\emulators\\ui-v1.11.8\\server\\server.mjs"],"optionalArgs":[],"joinArgs":false} {"metadata":{"emulator":{"name":"ui"},"message":"Starting Emulator UI with command {\"binary\":\"node\",\"args\":[\"C:\\\\Users\\\\pc\\\\.cache\\\\firebase\\\\emulators\\\\ui-v1.11.8\\\\server\\\\server.mjs\"],\"optionalArgs\":[],\"joinArgs\":false}"}}
[info] i  ui: Emulator UI logging to ui-debug.log {"metadata":{"emulator":{"name":"ui"},"message":"Emulator UI logging to \u001b[1mui-debug.log\u001b[22m"}}
[debug] [2024-04-15T06:16:19.576Z] Web / API server started at 127.0.0.1:4000
 {"metadata":{"emulator":{"name":"ui"},"message":"Web / API server started at 127.0.0.1:4000\n"}}
[debug] [2024-04-15T06:16:19.577Z] Web / API server started at ::1:4000
 {"metadata":{"emulator":{"name":"ui"},"message":"Web / API server started at ::1:4000\n"}}
[info] 
┌─────────────────────────────────────────────────────────────┐
│ ✔  All emulators ready! It is now safe to connect your app. │
│ i  View Emulator UI at http://127.0.0.1:4000/               │
└─────────────────────────────────────────────────────────────┘

┌────────────────┬────────────────┬─────────────────────────────────┐
│ Emulator       │ Host:Port      │ View in Emulator UI             │
├────────────────┼────────────────┼─────────────────────────────────┤
│ Authentication │ 127.0.0.1:9099 │ http://127.0.0.1:4000/auth      │
├────────────────┼────────────────┼─────────────────────────────────┤
│ Firestore      │ 127.0.0.1:8080 │ http://127.0.0.1:4000/firestore │
└────────────────┴────────────────┴─────────────────────────────────┘
  Emulator Hub running at 127.0.0.1:4400
  Other reserved ports: 4500, 9150

Issues? Report them at https://github.com/firebase/firebase-tools/issues and attach the *-debug.log files.
 
